Traceback (most recent call last):
  File "/home/yblee/workspace/tdc/.venv/lib/python3.10/site-packages/jupyter_cache/executors/utils.py", line 58, in single_nb_execution
    executenb(
  File "/home/yblee/workspace/tdc/.venv/lib/python3.10/site-packages/nbclient/client.py", line 1305, in execute
    return NotebookClient(nb=nb, resources=resources, km=km, **kwargs).execute()
  File "/home/yblee/workspace/tdc/.venv/lib/python3.10/site-packages/jupyter_core/utils/__init__.py", line 166, in wrapped
    return loop.run_until_complete(inner)
  File "/usr/lib/python3.10/asyncio/base_events.py", line 646, in run_until_complete
    return future.result()
  File "/home/yblee/workspace/tdc/.venv/lib/python3.10/site-packages/nbclient/client.py", line 705, in async_execute
    await self.async_execute_cell(
  File "/home/yblee/workspace/tdc/.venv/lib/python3.10/site-packages/nbclient/client.py", line 1058, in async_execute_cell
    await self._check_raise_for_error(cell, cell_index, exec_reply)
  File "/home/yblee/workspace/tdc/.venv/lib/python3.10/site-packages/nbclient/client.py", line 914, in _check_raise_for_error
    raise CellExecutionError.from_cell_and_msg(cell, exec_reply_content)
nbclient.exceptions.CellExecutionError: An error occurred while executing the following cell:
------------------
!pdm show jupytext
------------------


[0;31m---------------------------------------------------------------------------[0m
[0;31mKeyboardInterrupt[0m                         Traceback (most recent call last)
File [0;32m~/workspace/tdc/.venv/lib/python3.10/site-packages/IPython/utils/_process_posix.py:153[0m, in [0;36mProcessHandler.system[0;34m(self, cmd)[0m
[1;32m    150[0m [38;5;28;01mwhile[39;00m [38;5;28;01mTrue[39;00m:
[1;32m    151[0m     [38;5;66;03m# res is the index of the pattern that caused the match, so we[39;00m
[1;32m    152[0m     [38;5;66;03m# know whether we've finished (if we matched EOF) or not[39;00m
[0;32m--> 153[0m     res_idx [38;5;241m=[39m [43mchild[49m[38;5;241;43m.[39;49m[43mexpect_list[49m[43m([49m[43mpatterns[49m[43m,[49m[43m [49m[38;5;28;43mself[39;49m[38;5;241;43m.[39;49m[43mread_timeout[49m[43m)[49m
[1;32m    154[0m     [38;5;28mprint[39m(child[38;5;241m.[39mbefore[out_size:][38;5;241m.[39mdecode(enc, [38;5;124m'[39m[38;5;124mreplace[39m[38;5;124m'[39m), end[38;5;241m=[39m[38;5;124m'[39m[38;5;124m'[39m)

File [0;32m~/workspace/tdc/.venv/lib/python3.10/site-packages/pexpect/spawnbase.py:372[0m, in [0;36mSpawnBase.expect_list[0;34m(self, pattern_list, timeout, searchwindowsize, async_, **kw)[0m
[1;32m    371[0m [38;5;28;01melse[39;00m:
[0;32m--> 372[0m     [38;5;28;01mreturn[39;00m [43mexp[49m[38;5;241;43m.[39;49m[43mexpect_loop[49m[43m([49m[43mtimeout[49m[43m)[49m

File [0;32m~/workspace/tdc/.venv/lib/python3.10/site-packages/pexpect/expect.py:169[0m, in [0;36mExpecter.expect_loop[0;34m(self, timeout)[0m
[1;32m    168[0m [38;5;66;03m# Still have time left, so read more data[39;00m
[0;32m--> 169[0m incoming [38;5;241m=[39m [43mspawn[49m[38;5;241;43m.[39;49m[43mread_nonblocking[49m[43m([49m[43mspawn[49m[38;5;241;43m.[39;49m[43mmaxread[49m[43m,[49m[43m [49m[43mtimeout[49m[43m)[49m
[1;32m    170[0m [38;5;28;01mif[39;00m [38;5;28mself[39m[38;5;241m.[39mspawn[38;5;241m.[39mdelayafterread [38;5;129;01mis[39;00m [38;5;129;01mnot[39;00m [38;5;28;01mNone[39;00m:

File [0;32m~/workspace/tdc/.venv/lib/python3.10/site-packages/pexpect/pty_spawn.py:500[0m, in [0;36mspawn.read_nonblocking[0;34m(self, size, timeout)[0m
[1;32m    497[0m [38;5;66;03m# Because of the select(0) check above, we know that no data[39;00m
[1;32m    498[0m [38;5;66;03m# is available right now. But if a non-zero timeout is given[39;00m
[1;32m    499[0m [38;5;66;03m# (possibly timeout=None), we call select() with a timeout.[39;00m
[0;32m--> 500[0m [38;5;28;01mif[39;00m (timeout [38;5;241m!=[39m [38;5;241m0[39m) [38;5;129;01mand[39;00m [43mselect[49m[43m([49m[43mtimeout[49m[43m)[49m:
[1;32m    501[0m     [38;5;28;01mreturn[39;00m [38;5;28msuper[39m(spawn, [38;5;28mself[39m)[38;5;241m.[39mread_nonblocking(size)

File [0;32m~/workspace/tdc/.venv/lib/python3.10/site-packages/pexpect/pty_spawn.py:450[0m, in [0;36mspawn.read_nonblocking.<locals>.select[0;34m(timeout)[0m
[1;32m    449[0m [38;5;28;01mdef[39;00m [38;5;21mselect[39m(timeout):
[0;32m--> 450[0m     [38;5;28;01mreturn[39;00m [43mselect_ignore_interrupts[49m[43m([49m[43m[[49m[38;5;28;43mself[39;49m[38;5;241;43m.[39;49m[43mchild_fd[49m[43m][49m[43m,[49m[43m [49m[43m[[49m[43m][49m[43m,[49m[43m [49m[43m[[49m[43m][49m[43m,[49m[43m [49m[43mtimeout[49m[43m)[49m[[38;5;241m0[39m]

File [0;32m~/workspace/tdc/.venv/lib/python3.10/site-packages/pexpect/utils.py:143[0m, in [0;36mselect_ignore_interrupts[0;34m(iwtd, owtd, ewtd, timeout)[0m
[1;32m    142[0m [38;5;28;01mtry[39;00m:
[0;32m--> 143[0m     [38;5;28;01mreturn[39;00m [43mselect[49m[38;5;241;43m.[39;49m[43mselect[49m[43m([49m[43miwtd[49m[43m,[49m[43m [49m[43mowtd[49m[43m,[49m[43m [49m[43mewtd[49m[43m,[49m[43m [49m[43mtimeout[49m[43m)[49m
[1;32m    144[0m [38;5;28;01mexcept[39;00m [38;5;167;01mInterruptedError[39;00m:

[0;31mKeyboardInterrupt[0m: 

During handling of the above exception, another exception occurred:

[0;31mKeyboardInterrupt[0m                         Traceback (most recent call last)
Cell [0;32mIn[2], line 1[0m
[0;32m----> 1[0m [43mget_ipython[49m[43m([49m[43m)[49m[38;5;241;43m.[39;49m[43msystem[49m[43m([49m[38;5;124;43m'[39;49m[38;5;124;43mpdm show jupytext[39;49m[38;5;124;43m'[39;49m[43m)[49m

File [0;32m~/workspace/tdc/.venv/lib/python3.10/site-packages/ipykernel/zmqshell.py:649[0m, in [0;36mZMQInteractiveShell.system_piped[0;34m(self, cmd)[0m
[1;32m    647[0m         [38;5;28mself[39m[38;5;241m.[39muser_ns[[38;5;124m"[39m[38;5;124m_exit_code[39m[38;5;124m"[39m] [38;5;241m=[39m system(cmd)
[1;32m    648[0m [38;5;28;01melse[39;00m:
[0;32m--> 649[0m     [38;5;28mself[39m[38;5;241m.[39muser_ns[[38;5;124m"[39m[38;5;124m_exit_code[39m[38;5;124m"[39m] [38;5;241m=[39m [43msystem[49m[43m([49m[38;5;28;43mself[39;49m[38;5;241;43m.[39;49m[43mvar_expand[49m[43m([49m[43mcmd[49m[43m,[49m[43m [49m[43mdepth[49m[38;5;241;43m=[39;49m[38;5;241;43m1[39;49m[43m)[49m[43m)[49m

File [0;32m~/workspace/tdc/.venv/lib/python3.10/site-packages/IPython/utils/_process_posix.py:164[0m, in [0;36mProcessHandler.system[0;34m(self, cmd)[0m
[1;32m    159[0m         out_size [38;5;241m=[39m [38;5;28mlen[39m(child[38;5;241m.[39mbefore)
[1;32m    160[0m [38;5;28;01mexcept[39;00m [38;5;167;01mKeyboardInterrupt[39;00m:
[1;32m    161[0m     [38;5;66;03m# We need to send ^C to the process.  The ascii code for '^C' is 3[39;00m
[1;32m    162[0m     [38;5;66;03m# (the character is known as ETX for 'End of Text', see[39;00m
[1;32m    163[0m     [38;5;66;03m# curses.ascii.ETX).[39;00m
[0;32m--> 164[0m     [43mchild[49m[38;5;241;43m.[39;49m[43msendline[49m[43m([49m[38;5;28;43mchr[39;49m[43m([49m[38;5;241;43m3[39;49m[43m)[49m[43m)[49m
[1;32m    165[0m     [38;5;66;03m# Read and print any more output the program might produce on its[39;00m
[1;32m    166[0m     [38;5;66;03m# way out.[39;00m
[1;32m    167[0m     [38;5;28;01mtry[39;00m:

File [0;32m~/workspace/tdc/.venv/lib/python3.10/site-packages/pexpect/pty_spawn.py:578[0m, in [0;36mspawn.sendline[0;34m(self, s)[0m
[1;32m    572[0m [38;5;250m[39m[38;5;124;03m'''Wraps send(), sending string ``s`` to child process, with[39;00m
[1;32m    573[0m [38;5;124;03m``os.linesep`` automatically appended. Returns number of bytes[39;00m
[1;32m    574[0m [38;5;124;03mwritten.  Only a limited number of bytes may be sent for each[39;00m
[1;32m    575[0m [38;5;124;03mline in the default terminal mode, see docstring of :meth:`send`.[39;00m
[1;32m    576[0m [38;5;124;03m'''[39;00m
[1;32m    577[0m s [38;5;241m=[39m [38;5;28mself[39m[38;5;241m.[39m_coerce_send_string(s)
[0;32m--> 578[0m [38;5;28;01mreturn[39;00m [38;5;28;43mself[39;49m[38;5;241;43m.[39;49m[43msend[49m[43m([49m[43ms[49m[43m [49m[38;5;241;43m+[39;49m[43m [49m[38;5;28;43mself[39;49m[38;5;241;43m.[39;49m[43mlinesep[49m[43m)[49m

File [0;32m~/workspace/tdc/.venv/lib/python3.10/site-packages/pexpect/pty_spawn.py:563[0m, in [0;36mspawn.send[0;34m(self, s)[0m
[1;32m    528[0m [38;5;250m[39m[38;5;124;03m'''Sends string ``s`` to the child process, returning the number of[39;00m
[1;32m    529[0m [38;5;124;03mbytes written. If a logfile is specified, a copy is written to that[39;00m
[1;32m    530[0m [38;5;124;03mlog.[39;00m
[0;32m   (...)[0m
[1;32m    559[0m [38;5;124;03m    >>> bash.sendline('x' * 5000)[39;00m
[1;32m    560[0m [38;5;124;03m'''[39;00m
[1;32m    562[0m [38;5;28;01mif[39;00m [38;5;28mself[39m[38;5;241m.[39mdelaybeforesend [38;5;129;01mis[39;00m [38;5;129;01mnot[39;00m [38;5;28;01mNone[39;00m:
[0;32m--> 563[0m     [43mtime[49m[38;5;241;43m.[39;49m[43msleep[49m[43m([49m[38;5;28;43mself[39;49m[38;5;241;43m.[39;49m[43mdelaybeforesend[49m[43m)[49m
[1;32m    565[0m s [38;5;241m=[39m [38;5;28mself[39m[38;5;241m.[39m_coerce_send_string(s)
[1;32m    566[0m [38;5;28mself[39m[38;5;241m.[39m_log(s, [38;5;124m'[39m[38;5;124msend[39m[38;5;124m'[39m)

[0;31mKeyboardInterrupt[0m: 

